<?xml version="1.0" encoding="UTF-8"?>
<!-- Generated by org.testng.reporters.JUnitReportReporter -->
<testsuite hostname="DESKTOP-8ETL5S5" failures="0" tests="1" name="com.hotstar.testcase.homePageTest" time="17.027" errors="0" timestamp="2021-03-10T14:26:46 IST" skipped="0">
  <testcase classname="com.hotstar.testcase.homePageTest" name="homepage" time="17.027"/>
  <system-out/>
</testsuite> <!-- com.hotstar.testcase.homePageTest -->
