<?xml version="1.0" encoding="UTF-8"?>
<!-- Generated by org.testng.reporters.JUnitReportReporter -->
<testsuite hostname="DESKTOP-8ETL5S5" failures="0" tests="1" name="com.hotstar.testcase.task2searchresults" time="11.655" errors="0" timestamp="2021-03-10T15:20:51 IST" skipped="0">
  <testcase classname="com.hotstar.testcase.task2searchresults" name="task2page" time="11.655"/>
  <system-out/>
</testsuite> <!-- com.hotstar.testcase.task2searchresults -->
